1739440475.873030 [0]       ros2: config: Domain/General/MulticastRecvNetworkInterfaceAddresses/#text: preferred {}
1739440475.873054 [0]       ros2: config: Domain/General/Interfaces/NetworkInterface[@autodetermine]: false {}
1739440475.873058 [0]       ros2: config: Domain/General/Interfaces/NetworkInterface[@name]: docker0 {1}
1739440475.873061 [0]       ros2: config: Domain/General/Interfaces/NetworkInterface[@address]:  {}
1739440475.873064 [0]       ros2: config: Domain/General/Interfaces/NetworkInterface[@priority]: default {1}
1739440475.873067 [0]       ros2: config: Domain/General/Interfaces/NetworkInterface[@prefer_multicast]: false {}
1739440475.873070 [0]       ros2: config: Domain/General/Interfaces/NetworkInterface[@presence_required]: true {}
1739440475.873073 [0]       ros2: config: Domain/General/Interfaces/NetworkInterface[@multicast]: default {1}
1739440475.873076 [0]       ros2: config: Domain/General/ExternalNetworkAddress/#text: auto {}
1739440475.873078 [0]       ros2: config: Domain/General/ExternalNetworkMask/#text: 0.0.0.0 {}
1739440475.873081 [0]       ros2: config: Domain/General/AllowMulticast/#text: default {1}
1739440475.873084 [0]       ros2: config: Domain/General/MulticastTimeToLive/#text: 32 {}
1739440475.873087 [0]       ros2: config: Domain/General/DontRoute/#text: false {}
1739440475.873090 [0]       ros2: config: Domain/General/Transport/#text: udp {}
1739440475.873092 [0]       ros2: config: Domain/General/EnableMulticastLoopback/#text: true {}
1739440475.873095 [0]       ros2: config: Domain/General/MaxMessageSize/#text: 65500 B {1}
1739440475.873098 [0]       ros2: config: Domain/General/MaxRexmitMessageSize/#text: 1456 B {}
1739440475.873101 [0]       ros2: config: Domain/General/FragmentSize/#text: 1344 B {}
1739440475.873103 [0]       ros2: config: Domain/General/RedundantNetworking/#text: false {}
1739440475.873106 [0]       ros2: config: Domain/General/EntityAutoNaming/#text: empty {}
1739440475.873109 [0]       ros2: config: Domain/General/EntityAutoNaming[@seed]: 337847855 139936388 4236763566 1840334722 1355749636 2365487707 279614579 2136065952 {}
1739440475.873114 [0]       ros2: config: Domain/Sizing/ReceiveBufferSize/#text: 1 MiB {}
1739440475.873117 [0]       ros2: config: Domain/Sizing/ReceiveBufferChunkSize/#text: 128 KiB {}
1739440475.873119 [0]       ros2: config: Domain/Compatibility/StandardsConformance/#text: lax {}
1739440475.873122 [0]       ros2: config: Domain/Compatibility/ExplicitlyPublishQosSetToDefault/#text: false {}
1739440475.873126 [0]       ros2: config: Domain/Compatibility/ManySocketsMode/#text: single {}
1739440475.873131 [0]       ros2: config: Domain/Compatibility/AssumeRtiHasPmdEndpoints/#text: false {}
1739440475.873139 [0]       ros2: config: Domain/Discovery/Tag/#text:  {}
1739440475.873143 [0]       ros2: config: Domain/Discovery/ExternalDomainId/#text: 0 {}
1739440475.873147 [0]       ros2: config: Domain/Discovery/DSGracePeriod/#text: 30 s {}
1739440475.873156 [0]       ros2: config: Domain/Discovery/ParticipantIndex/#text: none {}
1739440475.873160 [0]       ros2: config: Domain/Discovery/MaxAutoParticipantIndex/#text: 9 {}
1739440475.873169 [0]       ros2: config: Domain/Discovery/SPDPMulticastAddress/#text: 239.255.0.1 {}
1739440475.873173 [0]       ros2: config: Domain/Discovery/SPDPInterval/#text: 30 s {}
1739440475.873176 [0]       ros2: config: Domain/Discovery/DefaultMulticastAddress/#text: auto {}
1739440475.873181 [0]       ros2: config: Domain/Discovery/Ports/Base/#text: 7400 {}
1739440475.873184 [0]       ros2: config: Domain/Discovery/Ports/DomainGain/#text: 250 {}
1739440475.873188 [0]       ros2: config: Domain/Discovery/Ports/ParticipantGain/#text: 2 {}
1739440475.873191 [0]       ros2: config: Domain/Discovery/Ports/MulticastMetaOffset/#text: 0 {}
1739440475.873194 [0]       ros2: config: Domain/Discovery/Ports/UnicastMetaOffset/#text: 10 {}
1739440475.873198 [0]       ros2: config: Domain/Discovery/Ports/MulticastDataOffset/#text: 1 {}
1739440475.873201 [0]       ros2: config: Domain/Discovery/Ports/UnicastDataOffset/#text: 11 {}
1739440475.873209 [0]       ros2: config: Domain/Discovery/EnableTopicDiscoveryEndpoints/#text: false {}
1739440475.873213 [0]       ros2: config: Domain/Discovery/LeaseDuration/#text: 10 s {}
1739440475.873223 [0]       ros2: config: Domain/Tracing/Category/#text: fatal,error,warning,info,config {1}
1739440475.873229 [0]       ros2: config: Domain/Tracing/OutputFile/#text: cyclonedds.log {}
1739440475.873236 [0]       ros2: config: Domain/Tracing/AppendToFile/#text: false {}
1739440475.873245 [0]       ros2: config: Domain/Tracing/PacketCaptureFile/#text:  {}
1739440475.873252 [0]       ros2: config: Domain/Internal/DeliveryQueueMaxSamples/#text: 256 {}
1739440475.873258 [0]       ros2: config: Domain/Internal/PrimaryReorderMaxSamples/#text: 128 {}
1739440475.873267 [0]       ros2: config: Domain/Internal/SecondaryReorderMaxSamples/#text: 128 {}
1739440475.873272 [0]       ros2: config: Domain/Internal/DefragUnreliableMaxSamples/#text: 4 {}
1739440475.873279 [0]       ros2: config: Domain/Internal/DefragReliableMaxSamples/#text: 16 {}
1739440475.873286 [0]       ros2: config: Domain/Internal/BuiltinEndpointSet/#text: writers {}
1739440475.873292 [0]       ros2: config: Domain/Internal/MeasureHbToAckLatency/#text: false {}
1739440475.873299 [0]       ros2: config: Domain/Internal/UnicastResponseToSPDPMessages/#text: true {}
1739440475.873315 [0]       ros2: config: Domain/Internal/SynchronousDeliveryPriorityThreshold/#text: 0 {}
1739440475.873321 [0]       ros2: config: Domain/Internal/SynchronousDeliveryLatencyBound/#text: inf {}
1739440475.873327 [0]       ros2: config: Domain/Internal/MaxParticipants/#text: 0 {}
1739440475.873334 [0]       ros2: config: Domain/Internal/AccelerateRexmitBlockSize/#text: 0 {}
1739440475.873342 [0]       ros2: config: Domain/Internal/RetransmitMerging/#text: never {}
1739440475.873348 [0]       ros2: config: Domain/Internal/RetransmitMergingPeriod/#text: 5 ms {}
1739440475.873355 [0]       ros2: config: Domain/Internal/HeartbeatInterval/#text: 100 ms {}
1739440475.873363 [0]       ros2: config: Domain/Internal/HeartbeatInterval[@min]: 5 ms {}
1739440475.873370 [0]       ros2: config: Domain/Internal/HeartbeatInterval[@minsched]: 20 ms {}
1739440475.873376 [0]       ros2: config: Domain/Internal/HeartbeatInterval[@max]: 8 s {}
1739440475.873382 [0]       ros2: config: Domain/Internal/MaxQueuedRexmitBytes/#text: 512 KiB {}
1739440475.873389 [0]       ros2: config: Domain/Internal/MaxQueuedRexmitMessages/#text: 200 {}
1739440475.873395 [0]       ros2: config: Domain/Internal/WriterLingerDuration/#text: 1 s {}
1739440475.873402 [0]       ros2: config: Domain/Internal/SocketReceiveBufferSize[@min]: 16 MiB {1}
1739440475.873410 [0]       ros2: config: Domain/Internal/SocketReceiveBufferSize[@max]: default {}
1739440475.873417 [0]       ros2: config: Domain/Internal/SocketSendBufferSize[@min]: 64 KiB {}
1739440475.873423 [0]       ros2: config: Domain/Internal/SocketSendBufferSize[@max]: default {}
1739440475.873431 [0]       ros2: config: Domain/Internal/NackDelay/#text: 100 ms {}
1739440475.873438 [0]       ros2: config: Domain/Internal/AckDelay/#text: 10 ms {}
1739440475.873445 [0]       ros2: config: Domain/Internal/AutoReschedNackDelay/#text: 3 s {}
1739440475.873452 [0]       ros2: config: Domain/Internal/PreEmptiveAckDelay/#text: 10 ms {}
1739440475.873459 [0]       ros2: config: Domain/Internal/ScheduleTimeRounding/#text: 0 s {}
1739440475.873466 [0]       ros2: config: Domain/Internal/DDSI2DirectMaxThreads/#text: 1 {}
1739440475.873473 [0]       ros2: config: Domain/Internal/SquashParticipants/#text: false {}
1739440475.873479 [0]       ros2: config: Domain/Internal/SPDPResponseMaxDelay/#text: 0 s {}
1739440475.873487 [0]       ros2: config: Domain/Internal/LateAckMode/#text: false {}
1739440475.873494 [0]       ros2: config: Domain/Internal/RetryOnRejectBestEffort/#text: false {}
1739440475.873500 [0]       ros2: config: Domain/Internal/GenerateKeyhash/#text: false {}
1739440475.873508 [0]       ros2: config: Domain/Internal/MaxSampleSize/#text: 2147483647 B {}
1739440475.873516 [0]       ros2: config: Domain/Internal/LivelinessMonitoring/#text: false {}
1739440475.873528 [0]       ros2: config: Domain/Internal/LivelinessMonitoring[@StackTraces]: true {}
1739440475.873536 [0]       ros2: config: Domain/Internal/LivelinessMonitoring[@Interval]: 1 s {}
1739440475.873543 [0]       ros2: config: Domain/Internal/MonitorPort/#text: -1 {}
1739440475.873549 [0]       ros2: config: Domain/Internal/PrioritizeRetransmit/#text: true {}
1739440475.873556 [0]       ros2: config: Domain/Internal/UseMulticastIfMreqn/#text: 0 {}
1739440475.873564 [0]       ros2: config: Domain/Internal/RediscoveryBlacklistDuration/#text: 0 s {}
1739440475.873570 [0]       ros2: config: Domain/Internal/RediscoveryBlacklistDuration[@enforce]: false {}
1739440475.873576 [0]       ros2: config: Domain/Internal/MultipleReceiveThreads/#text: default {}
1739440475.873585 [0]       ros2: config: Domain/Internal/MultipleReceiveThreads[@maxretries]: 4294967295 {}
1739440475.873594 [0]       ros2: config: Domain/Internal/Test/XmitLossiness/#text: 0 {}
1739440475.873601 [0]       ros2: config: Domain/Internal/Watermarks/WhcLow/#text: 1 KiB {}
1739440475.873609 [0]       ros2: config: Domain/Internal/Watermarks/WhcHigh/#text: 500 KiB {1}
1739440475.873617 [0]       ros2: config: Domain/Internal/Watermarks/WhcHighInit/#text: 30 KiB {}
1739440475.873626 [0]       ros2: config: Domain/Internal/Watermarks/WhcAdaptive/#text: true {}
1739440475.873632 [0]       ros2: config: Domain/Internal/BurstSize/MaxRexmit/#text: 1 MiB {}
1739440475.873639 [0]       ros2: config: Domain/Internal/BurstSize/MaxInitTransmit/#text: 4294967295 {}
1739440475.873647 [0]       ros2: config: Domain/Internal/EnableExpensiveChecks/#text:  {}
1739440475.873656 [0]       ros2: config: Domain/TCP/NoDelay/#text: true {}
1739440475.873661 [0]       ros2: config: Domain/TCP/Port/#text: -1 {}
1739440475.873670 [0]       ros2: config: Domain/TCP/ReadTimeout/#text: 2 s {}
1739440475.873677 [0]       ros2: config: Domain/TCP/WriteTimeout/#text: 2 s {}
1739440475.873685 [0]       ros2: config: Domain/TCP/AlwaysUsePeeraddrForUnicast/#text: false {}
1739440475.873694 [0]       ros2: config: Domain/SSL/Enable/#text: false {}
1739440475.873703 [0]       ros2: config: Domain/SSL/CertificateVerification/#text: true {}
1739440475.873711 [0]       ros2: config: Domain/SSL/VerifyClient/#text: true {}
1739440475.873719 [0]       ros2: config: Domain/SSL/SelfSignedCertificates/#text: false {}
1739440475.873728 [0]       ros2: config: Domain/SSL/KeystoreFile/#text: keystore {}
1739440475.873736 [0]       ros2: config: Domain/SSL/KeyPassphrase/#text: secret {}
1739440475.873746 [0]       ros2: config: Domain/SSL/Ciphers/#text: ALL:!ADH:!LOW:!EXP:!MD5:@STRENGTH {}
1739440475.873757 [0]       ros2: config: Domain/SSL/EntropyFile/#text:  {}
1739440475.873764 [0]       ros2: config: Domain/SSL/MinimumTLSVersion/#text: 1.3 {}
1739440475.873773 [0]       ros2: config: Domain/SharedMemory/Enable/#text: false {}
1739440475.873781 [0]       ros2: config: Domain/SharedMemory/Locator/#text:  {}
1739440475.873789 [0]       ros2: config: Domain/SharedMemory/Prefix/#text: DDS_CYCLONE {}
1739440475.873798 [0]       ros2: config: Domain/SharedMemory/LogLevel/#text: info {}
1739440475.873809 [0]       ros2: config: Domain[@Id]: 0 {1}
1739440475.873878 [0]       ros2: started at 1739440475.06873830 -- 2025-02-13 09:54:35+00:00
1739440475.873896 [0]       ros2: udp initialized
1739440475.874645 [0]       ros2: interfaces: lo udp/127.0.0.1(q1) eno1 udp/192.168.0.11(q9) wlp2s0 wireless udp/192.168.1.113(q9) docker0 udp/172.17.0.1(q9) br-ab510c725430 udp/172.20.0.1(q9)
1739440475.874671 [0]       ros2: selected interfaces: docker0 (index 4 priority 0)
1739440475.874674 [0]       ros2: presumed robust multicast support, use for everything
1739440475.874701 [0]       ros2: ownip: udp/172.17.0.1
1739440475.874703 [0]       ros2: extmask: invalid/0 (not applicable)
1739440475.874705 [0]       ros2: SPDP MC: udp/239.255.0.1
1739440475.874707 [0]       ros2: default MC: udp/239.255.0.1
1739440475.874709 [0]       ros2: SSM support included
1739440475.874912 [0]       ros2: rtps_init: uc ports: disc 0 data 0
1739440475.874915 [0]       ros2: rtps_init: domainid 0 participantid -2
1739440475.874917 [0]       ros2: Unicast Ports: discovery 39460 data 39460
1739440475.874956 [0]       ros2: Multicast Ports: discovery 7400 data 7401 
1739440475.874968 [0]       ros2: interface docker0: transmit port 49968
1739440482.149513 [0]       ros2: udp finalized
1739440482.156267 [0]       ros2: Finis.
